{
  "RSpec": {
    "coverage": {
      "/Users/allisonhoke/Ada/projects-forks/door/door.rb": [
        1,
        1,
        1,
        null,
        1,
        20,
        20,
        20,
        null,
        null,
        1,
        8,
        3,
        null,
        null,
        5,
        2,
        2,
        null,
        null,
        3,
        2,
        null,
        1,
        1,
        null,
        null,
        null,
        1,
        6,
        4,
        2,
        1,
        1,
        1,
        1,
        1,
        null,
        0,
        null,
        null,
        null,
        1,
        2,
        1,
        null,
        1,
        1,
        null,
        null,
        null,
        1,
        9,
        8,
        null,
        1,
        1,
        null,
        null,
        null,
        1,
        2,
        1,
        null,
        1,
        1,
        null,
        null,
        null,
        1,
        2,
        null,
        null,
        1,
        2,
        null,
        null,
        1,
        2,
        null,
        null,
        null,
        null,
        null,
        null,
        null,
        null,
        null,
        null,
        null,
        null,
        null
      ]
    },
    "timestamp": 1474488997
  }
}
