{
  "RSpec": {
    "coverage": {
      "/Users/erinbond/Desktop/Ada/week_6/door/lib/door.rb": [
        null,
        1,
        null,
        1,
        1,
        null,
        1,
        34,
        34,
        34,
        null,
        null,
        1,
        4,
        2,
        null,
        2,
        2,
        null,
        null,
        null,
        1,
        4,
        2,
        2,
        1,
        null,
        1,
        1,
        null,
        null,
        null,
        1,
        4,
        2,
        null,
        2,
        2,
        null,
        null,
        null,
        1,
        4,
        2,
        null,
        2,
        2,
        null,
        null,
        null,
        null,
        1,
        4,
        2,
        2,
        null,
        2,
        2,
        null,
        null,
        null,
        null,
        1,
        4,
        2,
        2,
        null,
        2,
        2,
        null,
        null,
        null,
        null,
        1,
        5,
        4,
        null,
        1,
        null,
        4,
        null,
        null,
        null,
        null,
        null,
        null,
        null,
        1,
        null,
        1,
        null,
        1,
        null,
        1,
        null,
        null
      ]
    },
    "timestamp": 1474155038
  }
}
